<?xml version="1.0" encoding="UTF-8"?>
<!-- Generated by org.testng.reporters.JUnitReportReporter -->
<testsuite hostname="DESKTOP-C28O1GT" failures="0" tests="3" name="com.tutorialninjademo_Tests.Search_Product" time="13.975" errors="0" timestamp="04 Nov 2023 15:08:02 GMT" skipped="0">
  <testcase classname="com.tutorialninjademo_Tests.Search_Product" name="verifySearchWithValidProduct" time="4.757"/>
  <testcase classname="com.tutorialninjademo_Tests.Search_Product" name="verifySearchWithInvalidProduct" time="4.551"/>
  <testcase classname="com.tutorialninjademo_Tests.Search_Product" name="verifySearchWithNoProduct" time="4.667"/>
</testsuite> <!-- com.tutorialninjademo_Tests.Search_Product -->
