<?xml version="1.0" encoding="UTF-8"?>
<!-- Generated by org.testng.reporters.JUnitReportReporter -->
<testsuite hostname="DESKTOP-C28O1GT" failures="0" tests="3" name="com.tutorialninjademo_Tests.Search_Product" time="13.758" errors="0" timestamp="05 Nov 2023 05:51:38 GMT" skipped="0">
  <testcase classname="com.tutorialninjademo_Tests.Search_Product" name="verifySearchWithValidProduct" time="4.666"/>
  <testcase classname="com.tutorialninjademo_Tests.Search_Product" name="verifySearchWithInvalidProduct" time="4.607"/>
  <testcase classname="com.tutorialninjademo_Tests.Search_Product" name="verifySearchWithNoProduct" time="4.485"/>
</testsuite> <!-- com.tutorialninjademo_Tests.Search_Product -->
