<?xml version="1.0" encoding="UTF-8"?>
<!-- Generated by org.testng.reporters.JUnitReportReporter -->
<testsuite hostname="DESKTOP-C28O1GT" failures="0" tests="1" name="com.tutorialninjademo_Tests.AddTocartTest" time="37.281" errors="0" timestamp="05 Nov 2023 07:22:19 GMT" skipped="0">
  <testcase classname="com.tutorialninjademo_Tests.AddTocartTest" name="checkigOutValidProduct" time="37.281"/>
</testsuite> <!-- com.tutorialninjademo_Tests.AddTocartTest -->
