<?xml version="1.0" encoding="UTF-8"?>
<!-- Generated by org.testng.reporters.JUnitReportReporter -->
<testsuite hostname="DESKTOP-C28O1GT" failures="0" tests="5" name="com.tutorialninjademo_Tests.Login_Test" time="33.331" errors="0" timestamp="04 Nov 2023 23:09:15 GMT" skipped="0">
  <testcase classname="com.tutorialninjademo_Tests.Login_Test" name="verifyLoginWithValidCredentials" time="6.505"/>
  <testcase classname="com.tutorialninjademo_Tests.Login_Test" name="verifyLoginWithInvalidCredentials" time="6.326"/>
  <testcase classname="com.tutorialninjademo_Tests.Login_Test" name="verifyLoginWithValidEmailInvalidPassword" time="6.259"/>
  <testcase classname="com.tutorialninjademo_Tests.Login_Test" name="verifyLoginWithInvalidEmailValidPassword" time="8.482"/>
  <testcase classname="com.tutorialninjademo_Tests.Login_Test" name="verifyLoginWithNoCredentials" time="5.759"/>
</testsuite> <!-- com.tutorialninjademo_Tests.Login_Test -->
