<?xml version="1.0" encoding="UTF-8"?>
<!-- Generated by org.testng.reporters.JUnitReportReporter -->
<testsuite hostname="DESKTOP-C28O1GT" failures="0" tests="1" name="com.tutorialninjademo_Tests.AddToProductTest" time="17.270" errors="0" timestamp="05 Nov 2023 02:56:02 GMT" skipped="0">
  <testcase classname="com.tutorialninjademo_Tests.AddToProductTest" name="checkigOutValidProduct" time="17.270"/>
</testsuite> <!-- com.tutorialninjademo_Tests.AddToProductTest -->
