<?xml version="1.0" encoding="UTF-8"?>
<!-- Generated by org.testng.reporters.JUnitReportReporter -->
<testsuite hostname="DESKTOP-C28O1GT" failures="0" tests="1" name="com.tutorialninjademo_Tests.AddTocartTest" time="16.590" errors="0" timestamp="05 Nov 2023 05:51:38 GMT" skipped="0">
  <testcase classname="com.tutorialninjademo_Tests.AddTocartTest" name="checkigOutValidProduct" time="16.590"/>
</testsuite> <!-- com.tutorialninjademo_Tests.AddTocartTest -->
