<?xml version="1.0" encoding="UTF-8"?>
<!-- Generated by org.testng.reporters.JUnitReportReporter -->
<testsuite hostname="DESKTOP-C28O1GT" failures="0" tests="4" name="com.tutorialninjademo_Tests.Register_Test" time="36.789" errors="0" timestamp="06 Nov 2023 05:57:16 GMT" skipped="0">
  <testcase classname="com.tutorialninjademo_Tests.Register_Test" name="verifyingRegisterWithMandatoryFields" time="6.578"/>
  <testcase classname="com.tutorialninjademo_Tests.Register_Test" name="verifyingRegisterWithAllFields" time="9.630"/>
  <testcase classname="com.tutorialninjademo_Tests.Register_Test" name="verifyingRegisterWithExistingEmail" time="14.535"/>
  <testcase classname="com.tutorialninjademo_Tests.Register_Test" name="verifyingRegisterWithNoFields" time="6.046"/>
</testsuite> <!-- com.tutorialninjademo_Tests.Register_Test -->
