<?xml version="1.0" encoding="UTF-8"?>
<!-- Generated by org.testng.reporters.JUnitReportReporter -->
<testsuite hostname="DESKTOP-C28O1GT" failures="0" tests="1" name="com.tutorialninjademo_Tests.AddTocartTest" time="38.751" errors="0" timestamp="06 Nov 2023 05:57:16 GMT" skipped="0">
  <testcase classname="com.tutorialninjademo_Tests.AddTocartTest" name="checkigOutValidProduct" time="38.751"/>
</testsuite> <!-- com.tutorialninjademo_Tests.AddTocartTest -->
