<?xml version="1.0" encoding="UTF-8"?>
<!-- Generated by org.testng.reporters.JUnitReportReporter -->
<testsuite hostname="DESKTOP-C28O1GT" failures="0" tests="5" name="com.tutorialninjademo_Tests.Login_Test" time="26.554" errors="0" timestamp="05 Nov 2023 05:51:38 GMT" skipped="0">
  <testcase classname="com.tutorialninjademo_Tests.Login_Test" name="verifyLoginWithValidCredentials" time="5.793"/>
  <testcase classname="com.tutorialninjademo_Tests.Login_Test" name="verifyLoginWithInvalidCredentials" time="5.099"/>
  <testcase classname="com.tutorialninjademo_Tests.Login_Test" name="verifyLoginWithValidEmailInvalidPassword" time="5.287"/>
  <testcase classname="com.tutorialninjademo_Tests.Login_Test" name="verifyLoginWithInvalidEmailValidPassword" time="5.173"/>
  <testcase classname="com.tutorialninjademo_Tests.Login_Test" name="verifyLoginWithNoCredentials" time="5.202"/>
</testsuite> <!-- com.tutorialninjademo_Tests.Login_Test -->
