<?xml version="1.0" encoding="UTF-8"?>
<!-- Generated by org.testng.reporters.JUnitReportReporter -->
<testsuite hostname="DESKTOP-C28O1GT" failures="0" tests="5" name="com.tutorialninjademo_Tests.Login_Test" time="27.722" errors="0" timestamp="06 Nov 2023 06:52:01 GMT" skipped="0">
  <testcase classname="com.tutorialninjademo_Tests.Login_Test" name="verifyLoginWithValidCredentials" time="5.357"/>
  <testcase classname="com.tutorialninjademo_Tests.Login_Test" name="verifyLoginWithInvalidCredentials" time="5.253"/>
  <testcase classname="com.tutorialninjademo_Tests.Login_Test" name="verifyLoginWithValidEmailInvalidPassword" time="5.417"/>
  <testcase classname="com.tutorialninjademo_Tests.Login_Test" name="verifyLoginWithInvalidEmailValidPassword" time="5.710"/>
  <testcase classname="com.tutorialninjademo_Tests.Login_Test" name="verifyLoginWithNoCredentials" time="5.985"/>
</testsuite> <!-- com.tutorialninjademo_Tests.Login_Test -->
