<?xml version="1.0" encoding="UTF-8"?>
<!-- Generated by org.testng.reporters.JUnitReportReporter -->
<testsuite hostname="DESKTOP-C28O1GT" failures="0" tests="4" name="com.tutorialninjademo_Tests.Register_Test" time="25.559" errors="0" timestamp="05 Nov 2023 05:51:38 GMT" skipped="0">
  <testcase classname="com.tutorialninjademo_Tests.Register_Test" name="verifyingRegisterWithMandatoryFields" time="6.205"/>
  <testcase classname="com.tutorialninjademo_Tests.Register_Test" name="verifyingRegisterWithAllFields" time="8.063"/>
  <testcase classname="com.tutorialninjademo_Tests.Register_Test" name="verifyingRegisterWithExistingEmail" time="5.745"/>
  <testcase classname="com.tutorialninjademo_Tests.Register_Test" name="verifyingRegisterWithNoFields" time="5.546"/>
</testsuite> <!-- com.tutorialninjademo_Tests.Register_Test -->
